<?xml version="1.0" encoding="UTF-8"?>
<!-- Generated by org.testng.reporters.JUnitReportReporter -->
<testsuite hostname="DESKTOP-9UCUNCM" failures="0" tests="1" name="com.extentreports.ExtentReportDemo" time="9.117" errors="0" timestamp="2022-11-14T11:48:20 PST" skipped="0">
  <testcase classname="com.extentreports.ExtentReportDemo" name="initialExtentReportDemo" time="9.117"/>
  <system-out/>
</testsuite> <!-- com.extentreports.ExtentReportDemo -->
