<?xml version="1.0" encoding="UTF-8"?>
<!-- Generated by org.testng.reporters.JUnitReportReporter -->
<testsuite hostname="DESKTOP-9UCUNCM" failures="0" tests="1" name="com.extentreports.ScreenShot" time="8.455" errors="0" timestamp="2022-12-10T17:20:26 PST" skipped="0">
  <testcase classname="com.extentreports.ScreenShot" name="screenShot" time="8.455"/>
  <system-out/>
</testsuite> <!-- com.extentreports.ScreenShot -->
